<?xml version="1.0" encoding="UTF-8"?>
<testng-results ignored="0" total="14" passed="11" failed="2" skipped="1">
  <reporter-output>
  </reporter-output>
  <suite started-at="2023-06-09T13:13:08 IST" name="Suite" finished-at="2023-06-09T13:15:23 IST" duration-ms="134929">
    <groups>
    </groups>
    <test started-at="2023-06-09T13:13:08 IST" name="searchTest" finished-at="2023-06-09T13:14:11 IST" duration-ms="63589">
      <class name="tests.searchTest">
        <test-method is-config="true" signature="opendriverapplication()[pri:0, instance:tests.searchTest@6e2aa843]" started-at="2023-06-09T13:13:08 IST" name="opendriverapplication" finished-at="2023-06-09T13:13:26 IST" duration-ms="18121" status="PASS">
          <reporter-output>
          </reporter-output>
        </test-method> <!-- opendriverapplication -->
        <test-method signature="usershouldbesearchavalidproduct()[pri:1, instance:tests.searchTest@6e2aa843]" started-at="2023-06-09T13:13:26 IST" name="usershouldbesearchavalidproduct" finished-at="2023-06-09T13:13:41 IST" duration-ms="14685" status="PASS">
          <reporter-output>
          </reporter-output>
        </test-method> <!-- usershouldbesearchavalidproduct -->
        <test-method is-config="true" signature="testcloser()[pri:0, instance:tests.searchTest@6e2aa843]" started-at="2023-06-09T13:13:41 IST" name="testcloser" finished-at="2023-06-09T13:13:49 IST" duration-ms="7731" status="PASS">
          <reporter-output>
          </reporter-output>
        </test-method> <!-- testcloser -->
        <test-method is-config="true" signature="opendriverapplication()[pri:0, instance:tests.searchTest@6e2aa843]" started-at="2023-06-09T13:13:49 IST" name="opendriverapplication" finished-at="2023-06-09T13:14:00 IST" duration-ms="11542" status="PASS">
          <reporter-output>
          </reporter-output>
        </test-method> <!-- opendriverapplication -->
        <test-method signature="usershouldbesearchainvalidproduct()[pri:2, instance:tests.searchTest@6e2aa843]" started-at="2023-06-09T13:14:00 IST" name="usershouldbesearchainvalidproduct" finished-at="2023-06-09T13:14:08 IST" duration-ms="7835" status="PASS">
          <reporter-output>
          </reporter-output>
        </test-method> <!-- usershouldbesearchainvalidproduct -->
        <test-method is-config="true" signature="testcloser()[pri:0, instance:tests.searchTest@6e2aa843]" started-at="2023-06-09T13:14:08 IST" name="testcloser" finished-at="2023-06-09T13:14:11 IST" duration-ms="3562" status="PASS">
          <reporter-output>
          </reporter-output>
        </test-method> <!-- testcloser -->
      </class> <!-- tests.searchTest -->
    </test> <!-- searchTest -->
    <test started-at="2023-06-09T13:13:08 IST" name="signoutTest" finished-at="2023-06-09T13:14:34 IST" duration-ms="86187">
      <class name="tests.signoutTest">
        <test-method is-config="true" signature="opendriverapplication()[pri:0, instance:tests.signoutTest@3e0e1046]" started-at="2023-06-09T13:13:08 IST" name="opendriverapplication" finished-at="2023-06-09T13:13:47 IST" duration-ms="39169" status="PASS">
          <reporter-output>
          </reporter-output>
        </test-method> <!-- opendriverapplication -->
        <test-method signature="UserSignoutfromWelcomeUserAccountDropdowninsignoutOption()[pri:1, instance:tests.signoutTest@3e0e1046]" started-at="2023-06-09T13:13:47 IST" name="UserSignoutfromWelcomeUserAccountDropdowninsignoutOption" finished-at="2023-06-09T13:13:53 IST" duration-ms="6184" status="PASS">
          <reporter-output>
          </reporter-output>
        </test-method> <!-- UserSignoutfromWelcomeUserAccountDropdowninsignoutOption -->
        <test-method is-config="true" signature="testcloser()[pri:0, instance:tests.signoutTest@3e0e1046]" started-at="2023-06-09T13:13:53 IST" name="testcloser" finished-at="2023-06-09T13:14:12 IST" duration-ms="18324" status="PASS">
          <reporter-output>
          </reporter-output>
        </test-method> <!-- testcloser -->
        <test-method is-config="true" signature="opendriverapplication()[pri:0, instance:tests.signoutTest@3e0e1046]" started-at="2023-06-09T13:14:12 IST" name="opendriverapplication" finished-at="2023-06-09T13:14:34 IST" duration-ms="22373" status="FAIL">
          <exception class="org.openqa.selenium.NoSuchElementException">
            <message>
              <![CDATA[no such element: Unable to locate element: {"method":"xpath","selector":"(//span[contains(text(),'Default welcome msg!')])[1]"}
  (Session info: MicrosoftEdge=114.0.1823.41)
For documentation on this error, please visit: https://selenium.dev/exceptions/#no_such_element
Build info: version: '4.9.0', revision: 'd7057100a6'
System info: os.name: 'Windows 10', os.arch: 'amd64', os.version: '10.0', java.version: '17.0.5'
Driver info: org.openqa.selenium.edge.EdgeDriver
Command: [9247e760cf1a300ebe5d4e136b0cc5bd, findElement {using=xpath, value=(//span[contains(text(),'Default welcome msg!')])[1]}]
Capabilities {acceptInsecureCerts: false, browserName: msedge, browserVersion: 114.0.1823.41, ms:edgeOptions: {debuggerAddress: localhost:61150}, msedge: {msedgedriverVersion: 114.0.1823.43 (ef5b3acd8c1d..., userDataDir: C:\Users\user\AppData\Local...}, networkConnectionEnabled: false, pageLoadStrategy: normal, platformName: WINDOWS, proxy: Proxy(), se:cdp: ws://localhost:61150/devtoo..., se:cdpVersion: 114.0.1823.41, setWindowRect: true, strictFileInteractability: false, timeouts: {implicit: 0, pageLoad: 300000, script: 30000}, unhandledPromptBehavior: dismiss and notify, webauthn:extension:credBlob: true, webauthn:extension:largeBlob: true, webauthn:extension:minPinLength: true, webauthn:extension:prf: true, webauthn:virtualAuthenticators: true}
Session ID: 9247e760cf1a300ebe5d4e136b0cc5bd]]>
            </message>
            <full-stacktrace>
              <![CDATA[org.openqa.selenium.NoSuchElementException: no such element: Unable to locate element: {"method":"xpath","selector":"(//span[contains(text(),'Default welcome msg!')])[1]"}
  (Session info: MicrosoftEdge=114.0.1823.41)
For documentation on this error, please visit: https://selenium.dev/exceptions/#no_such_element
Build info: version: '4.9.0', revision: 'd7057100a6'
System info: os.name: 'Windows 10', os.arch: 'amd64', os.version: '10.0', java.version: '17.0.5'
Driver info: org.openqa.selenium.edge.EdgeDriver
Command: [9247e760cf1a300ebe5d4e136b0cc5bd, findElement {using=xpath, value=(//span[contains(text(),'Default welcome msg!')])[1]}]
Capabilities {acceptInsecureCerts: false, browserName: msedge, browserVersion: 114.0.1823.41, ms:edgeOptions: {debuggerAddress: localhost:61150}, msedge: {msedgedriverVersion: 114.0.1823.43 (ef5b3acd8c1d..., userDataDir: C:\Users\user\AppData\Local...}, networkConnectionEnabled: false, pageLoadStrategy: normal, platformName: WINDOWS, proxy: Proxy(), se:cdp: ws://localhost:61150/devtoo..., se:cdpVersion: 114.0.1823.41, setWindowRect: true, strictFileInteractability: false, timeouts: {implicit: 0, pageLoad: 300000, script: 30000}, unhandledPromptBehavior: dismiss and notify, webauthn:extension:credBlob: true, webauthn:extension:largeBlob: true, webauthn:extension:minPinLength: true, webauthn:extension:prf: true, webauthn:virtualAuthenticators: true}
Session ID: 9247e760cf1a300ebe5d4e136b0cc5bd
at java.base/jdk.internal.reflect.NativeConstructorAccessorImpl.newInstance0(Native Method)
at java.base/jdk.internal.reflect.NativeConstructorAccessorImpl.newInstance(NativeConstructorAccessorImpl.java:77)
at java.base/jdk.internal.reflect.DelegatingConstructorAccessorImpl.newInstance(DelegatingConstructorAccessorImpl.java:45)
at java.base/java.lang.reflect.Constructor.newInstanceWithCaller(Constructor.java:499)
at java.base/java.lang.reflect.Constructor.newInstance(Constructor.java:480)
at org.openqa.selenium.remote.codec.w3c.W3CHttpResponseCodec.createException(W3CHttpResponseCodec.java:200)
at org.openqa.selenium.remote.codec.w3c.W3CHttpResponseCodec.decode(W3CHttpResponseCodec.java:133)
at org.openqa.selenium.remote.codec.w3c.W3CHttpResponseCodec.decode(W3CHttpResponseCodec.java:53)
at org.openqa.selenium.remote.HttpCommandExecutor.execute(HttpCommandExecutor.java:193)
at org.openqa.selenium.remote.service.DriverCommandExecutor.invokeExecute(DriverCommandExecutor.java:183)
at org.openqa.selenium.remote.service.DriverCommandExecutor.execute(DriverCommandExecutor.java:158)
at org.openqa.selenium.remote.RemoteWebDriver.execute(RemoteWebDriver.java:543)
at org.openqa.selenium.remote.ElementLocation$ElementFinder$2.findElement(ElementLocation.java:162)
at org.openqa.selenium.remote.ElementLocation.findElement(ElementLocation.java:60)
at org.openqa.selenium.remote.RemoteWebDriver.findElement(RemoteWebDriver.java:352)
at org.openqa.selenium.remote.RemoteWebDriver.findElement(RemoteWebDriver.java:344)
at org.openqa.selenium.support.pagefactory.DefaultElementLocator.findElement(DefaultElementLocator.java:70)
at org.openqa.selenium.support.pagefactory.internal.LocatingElementHandler.invoke(LocatingElementHandler.java:39)
at jdk.proxy2/jdk.proxy2.$Proxy17.isDisplayed(Unknown Source)
at tests.signoutTest.opendriverapplication(signoutTest.java:35)
at java.base/jdk.internal.reflect.NativeMethodAccessorImpl.invoke0(Native Method)
at java.base/jdk.internal.reflect.NativeMethodAccessorImpl.invoke(NativeMethodAccessorImpl.java:77)
at java.base/jdk.internal.reflect.DelegatingMethodAccessorImpl.invoke(DelegatingMethodAccessorImpl.java:43)
at java.base/java.lang.reflect.Method.invoke(Method.java:568)
at org.testng.internal.invokers.MethodInvocationHelper.invokeMethod(MethodInvocationHelper.java:139)
at org.testng.internal.invokers.MethodInvocationHelper.invokeMethodConsideringTimeout(MethodInvocationHelper.java:69)
at org.testng.internal.invokers.ConfigInvoker.invokeConfigurationMethod(ConfigInvoker.java:361)
at org.testng.internal.invokers.ConfigInvoker.invokeConfigurations(ConfigInvoker.java:296)
at org.testng.internal.invokers.TestInvoker.runConfigMethods(TestInvoker.java:823)
at org.testng.internal.invokers.TestInvoker.invokeMethod(TestInvoker.java:590)
at org.testng.internal.invokers.TestInvoker.invokeTestMethod(TestInvoker.java:221)
at org.testng.internal.invokers.MethodRunner.runInSequence(MethodRunner.java:50)
at org.testng.internal.invokers.TestInvoker$MethodInvocationAgent.invoke(TestInvoker.java:969)
at org.testng.internal.invokers.TestInvoker.invokeTestMethods(TestInvoker.java:194)
at org.testng.internal.invokers.TestMethodWorker.invokeTestMethods(TestMethodWorker.java:148)
at org.testng.internal.invokers.TestMethodWorker.run(TestMethodWorker.java:128)
at java.base/java.util.ArrayList.forEach(ArrayList.java:1511)
at org.testng.TestRunner.privateRun(TestRunner.java:829)
at org.testng.TestRunner.run(TestRunner.java:602)
at org.testng.SuiteRunner.runTest(SuiteRunner.java:437)
at org.testng.SuiteRunner$SuiteWorker.run(SuiteRunner.java:475)
at org.testng.internal.thread.ThreadUtil.lambda$execute$0(ThreadUtil.java:58)
at java.base/java.util.concurrent.FutureTask.run(FutureTask.java:264)
at java.base/java.util.concurrent.ThreadPoolExecutor.runWorker(ThreadPoolExecutor.java:1136)
at java.base/java.util.concurrent.ThreadPoolExecutor$Worker.run(ThreadPoolExecutor.java:635)
at java.base/java.lang.Thread.run(Thread.java:833)
]]>
            </full-stacktrace>
          </exception> <!-- org.openqa.selenium.NoSuchElementException -->
          <reporter-output>
          </reporter-output>
        </test-method> <!-- opendriverapplication -->
        <test-method signature="UserCheckstheSignoutfromwithoutclickSignoutoption()[pri:2, instance:tests.signoutTest@3e0e1046]" started-at="2023-06-09T13:14:34 IST" name="UserCheckstheSignoutfromwithoutclickSignoutoption" finished-at="2023-06-09T13:14:34 IST" duration-ms="0" status="SKIP">
          <exception class="org.openqa.selenium.NoSuchElementException">
            <message>
              <![CDATA[no such element: Unable to locate element: {"method":"xpath","selector":"(//span[contains(text(),'Default welcome msg!')])[1]"}
  (Session info: MicrosoftEdge=114.0.1823.41)
For documentation on this error, please visit: https://selenium.dev/exceptions/#no_such_element
Build info: version: '4.9.0', revision: 'd7057100a6'
System info: os.name: 'Windows 10', os.arch: 'amd64', os.version: '10.0', java.version: '17.0.5'
Driver info: org.openqa.selenium.edge.EdgeDriver
Command: [9247e760cf1a300ebe5d4e136b0cc5bd, findElement {using=xpath, value=(//span[contains(text(),'Default welcome msg!')])[1]}]
Capabilities {acceptInsecureCerts: false, browserName: msedge, browserVersion: 114.0.1823.41, ms:edgeOptions: {debuggerAddress: localhost:61150}, msedge: {msedgedriverVersion: 114.0.1823.43 (ef5b3acd8c1d..., userDataDir: C:\Users\user\AppData\Local...}, networkConnectionEnabled: false, pageLoadStrategy: normal, platformName: WINDOWS, proxy: Proxy(), se:cdp: ws://localhost:61150/devtoo..., se:cdpVersion: 114.0.1823.41, setWindowRect: true, strictFileInteractability: false, timeouts: {implicit: 0, pageLoad: 300000, script: 30000}, unhandledPromptBehavior: dismiss and notify, webauthn:extension:credBlob: true, webauthn:extension:largeBlob: true, webauthn:extension:minPinLength: true, webauthn:extension:prf: true, webauthn:virtualAuthenticators: true}
Session ID: 9247e760cf1a300ebe5d4e136b0cc5bd]]>
            </message>
            <full-stacktrace>
              <![CDATA[org.openqa.selenium.NoSuchElementException: no such element: Unable to locate element: {"method":"xpath","selector":"(//span[contains(text(),'Default welcome msg!')])[1]"}
  (Session info: MicrosoftEdge=114.0.1823.41)
For documentation on this error, please visit: https://selenium.dev/exceptions/#no_such_element
Build info: version: '4.9.0', revision: 'd7057100a6'
System info: os.name: 'Windows 10', os.arch: 'amd64', os.version: '10.0', java.version: '17.0.5'
Driver info: org.openqa.selenium.edge.EdgeDriver
Command: [9247e760cf1a300ebe5d4e136b0cc5bd, findElement {using=xpath, value=(//span[contains(text(),'Default welcome msg!')])[1]}]
Capabilities {acceptInsecureCerts: false, browserName: msedge, browserVersion: 114.0.1823.41, ms:edgeOptions: {debuggerAddress: localhost:61150}, msedge: {msedgedriverVersion: 114.0.1823.43 (ef5b3acd8c1d..., userDataDir: C:\Users\user\AppData\Local...}, networkConnectionEnabled: false, pageLoadStrategy: normal, platformName: WINDOWS, proxy: Proxy(), se:cdp: ws://localhost:61150/devtoo..., se:cdpVersion: 114.0.1823.41, setWindowRect: true, strictFileInteractability: false, timeouts: {implicit: 0, pageLoad: 300000, script: 30000}, unhandledPromptBehavior: dismiss and notify, webauthn:extension:credBlob: true, webauthn:extension:largeBlob: true, webauthn:extension:minPinLength: true, webauthn:extension:prf: true, webauthn:virtualAuthenticators: true}
Session ID: 9247e760cf1a300ebe5d4e136b0cc5bd
at java.base/jdk.internal.reflect.NativeConstructorAccessorImpl.newInstance0(Native Method)
at java.base/jdk.internal.reflect.NativeConstructorAccessorImpl.newInstance(NativeConstructorAccessorImpl.java:77)
at java.base/jdk.internal.reflect.DelegatingConstructorAccessorImpl.newInstance(DelegatingConstructorAccessorImpl.java:45)
at java.base/java.lang.reflect.Constructor.newInstanceWithCaller(Constructor.java:499)
at java.base/java.lang.reflect.Constructor.newInstance(Constructor.java:480)
at org.openqa.selenium.remote.codec.w3c.W3CHttpResponseCodec.createException(W3CHttpResponseCodec.java:200)
at org.openqa.selenium.remote.codec.w3c.W3CHttpResponseCodec.decode(W3CHttpResponseCodec.java:133)
at org.openqa.selenium.remote.codec.w3c.W3CHttpResponseCodec.decode(W3CHttpResponseCodec.java:53)
at org.openqa.selenium.remote.HttpCommandExecutor.execute(HttpCommandExecutor.java:193)
at org.openqa.selenium.remote.service.DriverCommandExecutor.invokeExecute(DriverCommandExecutor.java:183)
at org.openqa.selenium.remote.service.DriverCommandExecutor.execute(DriverCommandExecutor.java:158)
at org.openqa.selenium.remote.RemoteWebDriver.execute(RemoteWebDriver.java:543)
at org.openqa.selenium.remote.ElementLocation$ElementFinder$2.findElement(ElementLocation.java:162)
at org.openqa.selenium.remote.ElementLocation.findElement(ElementLocation.java:60)
at org.openqa.selenium.remote.RemoteWebDriver.findElement(RemoteWebDriver.java:352)
at org.openqa.selenium.remote.RemoteWebDriver.findElement(RemoteWebDriver.java:344)
at org.openqa.selenium.support.pagefactory.DefaultElementLocator.findElement(DefaultElementLocator.java:70)
at org.openqa.selenium.support.pagefactory.internal.LocatingElementHandler.invoke(LocatingElementHandler.java:39)
at jdk.proxy2/jdk.proxy2.$Proxy17.isDisplayed(Unknown Source)
at tests.signoutTest.opendriverapplication(signoutTest.java:35)
at java.base/jdk.internal.reflect.NativeMethodAccessorImpl.invoke0(Native Method)
at java.base/jdk.internal.reflect.NativeMethodAccessorImpl.invoke(NativeMethodAccessorImpl.java:77)
at java.base/jdk.internal.reflect.DelegatingMethodAccessorImpl.invoke(DelegatingMethodAccessorImpl.java:43)
at java.base/java.lang.reflect.Method.invoke(Method.java:568)
at org.testng.internal.invokers.MethodInvocationHelper.invokeMethod(MethodInvocationHelper.java:139)
at org.testng.internal.invokers.MethodInvocationHelper.invokeMethodConsideringTimeout(MethodInvocationHelper.java:69)
at org.testng.internal.invokers.ConfigInvoker.invokeConfigurationMethod(ConfigInvoker.java:361)
at org.testng.internal.invokers.ConfigInvoker.invokeConfigurations(ConfigInvoker.java:296)
at org.testng.internal.invokers.TestInvoker.runConfigMethods(TestInvoker.java:823)
at org.testng.internal.invokers.TestInvoker.invokeMethod(TestInvoker.java:590)
at org.testng.internal.invokers.TestInvoker.invokeTestMethod(TestInvoker.java:221)
at org.testng.internal.invokers.MethodRunner.runInSequence(MethodRunner.java:50)
at org.testng.internal.invokers.TestInvoker$MethodInvocationAgent.invoke(TestInvoker.java:969)
at org.testng.internal.invokers.TestInvoker.invokeTestMethods(TestInvoker.java:194)
at org.testng.internal.invokers.TestMethodWorker.invokeTestMethods(TestMethodWorker.java:148)
at org.testng.internal.invokers.TestMethodWorker.run(TestMethodWorker.java:128)
at java.base/java.util.ArrayList.forEach(ArrayList.java:1511)
at org.testng.TestRunner.privateRun(TestRunner.java:829)
at org.testng.TestRunner.run(TestRunner.java:602)
at org.testng.SuiteRunner.runTest(SuiteRunner.java:437)
at org.testng.SuiteRunner$SuiteWorker.run(SuiteRunner.java:475)
at org.testng.internal.thread.ThreadUtil.lambda$execute$0(ThreadUtil.java:58)
at java.base/java.util.concurrent.FutureTask.run(FutureTask.java:264)
at java.base/java.util.concurrent.ThreadPoolExecutor.runWorker(ThreadPoolExecutor.java:1136)
at java.base/java.util.concurrent.ThreadPoolExecutor$Worker.run(ThreadPoolExecutor.java:635)
at java.base/java.lang.Thread.run(Thread.java:833)
]]>
            </full-stacktrace>
          </exception> <!-- org.openqa.selenium.NoSuchElementException -->
          <reporter-output>
          </reporter-output>
        </test-method> <!-- UserCheckstheSignoutfromwithoutclickSignoutoption -->
        <test-method is-config="true" signature="testcloser()[pri:0, instance:tests.signoutTest@3e0e1046]" started-at="2023-06-09T13:14:34 IST" name="testcloser" finished-at="2023-06-09T13:14:34 IST" duration-ms="0" status="SKIP">
          <reporter-output>
          </reporter-output>
        </test-method> <!-- testcloser -->
      </class> <!-- tests.signoutTest -->
    </test> <!-- signoutTest -->
    <test started-at="2023-06-09T13:13:08 IST" name="signinTest" finished-at="2023-06-09T13:15:15 IST" duration-ms="126909">
      <class name="tests.signinTest">
        <test-method is-config="true" signature="opendriverapplication()[pri:0, instance:tests.signinTest@660acfb]" started-at="2023-06-09T13:13:08 IST" name="opendriverapplication" finished-at="2023-06-09T13:13:30 IST" duration-ms="22383" status="PASS">
          <reporter-output>
          </reporter-output>
        </test-method> <!-- opendriverapplication -->
        <test-method signature="signinwithvalidcredentials()[pri:1, instance:tests.signinTest@660acfb]" started-at="2023-06-09T13:13:30 IST" name="signinwithvalidcredentials" finished-at="2023-06-09T13:13:46 IST" duration-ms="15945" status="PASS">
          <reporter-output>
          </reporter-output>
        </test-method> <!-- signinwithvalidcredentials -->
        <test-method is-config="true" signature="testcloser()[pri:0, instance:tests.signinTest@660acfb]" started-at="2023-06-09T13:13:46 IST" name="testcloser" finished-at="2023-06-09T13:13:48 IST" duration-ms="1921" status="PASS">
          <reporter-output>
          </reporter-output>
        </test-method> <!-- testcloser -->
        <test-method is-config="true" signature="opendriverapplication()[pri:0, instance:tests.signinTest@660acfb]" started-at="2023-06-09T13:13:48 IST" name="opendriverapplication" finished-at="2023-06-09T13:13:57 IST" duration-ms="8963" status="PASS">
          <reporter-output>
          </reporter-output>
        </test-method> <!-- opendriverapplication -->
        <test-method signature="signinwithinvalidcredentials()[pri:2, instance:tests.signinTest@660acfb]" started-at="2023-06-09T13:13:57 IST" name="signinwithinvalidcredentials" finished-at="2023-06-09T13:14:10 IST" duration-ms="12792" status="FAIL">
          <exception class="org.openqa.selenium.StaleElementReferenceException">
            <message>
              <![CDATA[stale element reference: stale element not found
  (Session info: MicrosoftEdge=114.0.1823.41)
For documentation on this error, please visit: https://selenium.dev/exceptions/#stale_element_reference
Build info: version: '4.9.0', revision: 'd7057100a6'
System info: os.name: 'Windows 10', os.arch: 'amd64', os.version: '10.0', java.version: '17.0.5'
Driver info: org.openqa.selenium.edge.EdgeDriver
Command: [d3a2c15770230a15fc32afe4a68e7ab2, isElementDisplayed {id=1D5B331D2D067F6DDDB452B98DCA217E_element_44}]
Capabilities {acceptInsecureCerts: false, browserName: msedge, browserVersion: 114.0.1823.41, ms:edgeOptions: {debuggerAddress: localhost:56180}, msedge: {msedgedriverVersion: 114.0.1823.43 (ef5b3acd8c1d..., userDataDir: C:\Users\user\AppData\Local...}, networkConnectionEnabled: false, pageLoadStrategy: normal, platformName: WINDOWS, proxy: Proxy(), se:cdp: ws://localhost:56180/devtoo..., se:cdpVersion: 114.0.1823.41, setWindowRect: true, strictFileInteractability: false, timeouts: {implicit: 0, pageLoad: 300000, script: 30000}, unhandledPromptBehavior: dismiss and notify, webauthn:extension:credBlob: true, webauthn:extension:largeBlob: true, webauthn:extension:minPinLength: true, webauthn:extension:prf: true, webauthn:virtualAuthenticators: true}
Element: [[EdgeDriver: msedge on WINDOWS (d3a2c15770230a15fc32afe4a68e7ab2)] -> xpath: //body/div/main/descendant::div[7]]
Session ID: d3a2c15770230a15fc32afe4a68e7ab2]]>
            </message>
            <full-stacktrace>
              <![CDATA[org.openqa.selenium.StaleElementReferenceException: stale element reference: stale element not found
  (Session info: MicrosoftEdge=114.0.1823.41)
For documentation on this error, please visit: https://selenium.dev/exceptions/#stale_element_reference
Build info: version: '4.9.0', revision: 'd7057100a6'
System info: os.name: 'Windows 10', os.arch: 'amd64', os.version: '10.0', java.version: '17.0.5'
Driver info: org.openqa.selenium.edge.EdgeDriver
Command: [d3a2c15770230a15fc32afe4a68e7ab2, isElementDisplayed {id=1D5B331D2D067F6DDDB452B98DCA217E_element_44}]
Capabilities {acceptInsecureCerts: false, browserName: msedge, browserVersion: 114.0.1823.41, ms:edgeOptions: {debuggerAddress: localhost:56180}, msedge: {msedgedriverVersion: 114.0.1823.43 (ef5b3acd8c1d..., userDataDir: C:\Users\user\AppData\Local...}, networkConnectionEnabled: false, pageLoadStrategy: normal, platformName: WINDOWS, proxy: Proxy(), se:cdp: ws://localhost:56180/devtoo..., se:cdpVersion: 114.0.1823.41, setWindowRect: true, strictFileInteractability: false, timeouts: {implicit: 0, pageLoad: 300000, script: 30000}, unhandledPromptBehavior: dismiss and notify, webauthn:extension:credBlob: true, webauthn:extension:largeBlob: true, webauthn:extension:minPinLength: true, webauthn:extension:prf: true, webauthn:virtualAuthenticators: true}
Element: [[EdgeDriver: msedge on WINDOWS (d3a2c15770230a15fc32afe4a68e7ab2)] -> xpath: //body/div/main/descendant::div[7]]
Session ID: d3a2c15770230a15fc32afe4a68e7ab2
at java.base/jdk.internal.reflect.NativeConstructorAccessorImpl.newInstance0(Native Method)
at java.base/jdk.internal.reflect.NativeConstructorAccessorImpl.newInstance(NativeConstructorAccessorImpl.java:77)
at java.base/jdk.internal.reflect.DelegatingConstructorAccessorImpl.newInstance(DelegatingConstructorAccessorImpl.java:45)
at java.base/java.lang.reflect.Constructor.newInstanceWithCaller(Constructor.java:499)
at java.base/java.lang.reflect.Constructor.newInstance(Constructor.java:480)
at org.openqa.selenium.remote.codec.w3c.W3CHttpResponseCodec.createException(W3CHttpResponseCodec.java:200)
at org.openqa.selenium.remote.codec.w3c.W3CHttpResponseCodec.decode(W3CHttpResponseCodec.java:133)
at org.openqa.selenium.remote.codec.w3c.W3CHttpResponseCodec.decode(W3CHttpResponseCodec.java:53)
at org.openqa.selenium.remote.HttpCommandExecutor.execute(HttpCommandExecutor.java:193)
at org.openqa.selenium.remote.service.DriverCommandExecutor.invokeExecute(DriverCommandExecutor.java:183)
at org.openqa.selenium.remote.service.DriverCommandExecutor.execute(DriverCommandExecutor.java:158)
at org.openqa.selenium.remote.RemoteWebDriver.execute(RemoteWebDriver.java:543)
at org.openqa.selenium.remote.RemoteWebElement.execute(RemoteWebElement.java:257)
at org.openqa.selenium.remote.RemoteWebElement.isDisplayed(RemoteWebElement.java:313)
at java.base/jdk.internal.reflect.NativeMethodAccessorImpl.invoke0(Native Method)
at java.base/jdk.internal.reflect.NativeMethodAccessorImpl.invoke(NativeMethodAccessorImpl.java:77)
at java.base/jdk.internal.reflect.DelegatingMethodAccessorImpl.invoke(DelegatingMethodAccessorImpl.java:43)
at java.base/java.lang.reflect.Method.invoke(Method.java:568)
at org.openqa.selenium.support.pagefactory.internal.LocatingElementHandler.invoke(LocatingElementHandler.java:52)
at jdk.proxy2/jdk.proxy2.$Proxy17.isDisplayed(Unknown Source)
at tests.signinTest.signinwithinvalidcredentials(signinTest.java:74)
at java.base/jdk.internal.reflect.NativeMethodAccessorImpl.invoke0(Native Method)
at java.base/jdk.internal.reflect.NativeMethodAccessorImpl.invoke(NativeMethodAccessorImpl.java:77)
at java.base/jdk.internal.reflect.DelegatingMethodAccessorImpl.invoke(DelegatingMethodAccessorImpl.java:43)
at java.base/java.lang.reflect.Method.invoke(Method.java:568)
at org.testng.internal.invokers.MethodInvocationHelper.invokeMethod(MethodInvocationHelper.java:139)
at org.testng.internal.invokers.TestInvoker.invokeMethod(TestInvoker.java:677)
at org.testng.internal.invokers.TestInvoker.invokeTestMethod(TestInvoker.java:221)
at org.testng.internal.invokers.MethodRunner.runInSequence(MethodRunner.java:50)
at org.testng.internal.invokers.TestInvoker$MethodInvocationAgent.invoke(TestInvoker.java:969)
at org.testng.internal.invokers.TestInvoker.invokeTestMethods(TestInvoker.java:194)
at org.testng.internal.invokers.TestMethodWorker.invokeTestMethods(TestMethodWorker.java:148)
at org.testng.internal.invokers.TestMethodWorker.run(TestMethodWorker.java:128)
at java.base/java.util.ArrayList.forEach(ArrayList.java:1511)
at org.testng.TestRunner.privateRun(TestRunner.java:829)
at org.testng.TestRunner.run(TestRunner.java:602)
at org.testng.SuiteRunner.runTest(SuiteRunner.java:437)
at org.testng.SuiteRunner$SuiteWorker.run(SuiteRunner.java:475)
at org.testng.internal.thread.ThreadUtil.lambda$execute$0(ThreadUtil.java:58)
at java.base/java.util.concurrent.FutureTask.run(FutureTask.java:264)
at java.base/java.util.concurrent.ThreadPoolExecutor.runWorker(ThreadPoolExecutor.java:1136)
at java.base/java.util.concurrent.ThreadPoolExecutor$Worker.run(ThreadPoolExecutor.java:635)
at java.base/java.lang.Thread.run(Thread.java:833)
]]>
            </full-stacktrace>
          </exception> <!-- org.openqa.selenium.StaleElementReferenceException -->
          <reporter-output>
          </reporter-output>
        </test-method> <!-- signinwithinvalidcredentials -->
        <test-method is-config="true" signature="testcloser()[pri:0, instance:tests.signinTest@660acfb]" started-at="2023-06-09T13:14:10 IST" name="testcloser" finished-at="2023-06-09T13:14:11 IST" duration-ms="1079" status="PASS">
          <reporter-output>
          </reporter-output>
        </test-method> <!-- testcloser -->
        <test-method is-config="true" signature="opendriverapplication()[pri:0, instance:tests.signinTest@660acfb]" started-at="2023-06-09T13:14:11 IST" name="opendriverapplication" finished-at="2023-06-09T13:14:19 IST" duration-ms="7816" status="PASS">
          <reporter-output>
          </reporter-output>
        </test-method> <!-- opendriverapplication -->
        <test-method signature="signinwithvalidemailandinvalidpassword()[pri:3, instance:tests.signinTest@660acfb]" started-at="2023-06-09T13:14:19 IST" name="signinwithvalidemailandinvalidpassword" finished-at="2023-06-09T13:14:28 IST" duration-ms="8626" status="PASS">
          <reporter-output>
          </reporter-output>
        </test-method> <!-- signinwithvalidemailandinvalidpassword -->
        <test-method is-config="true" signature="testcloser()[pri:0, instance:tests.signinTest@660acfb]" started-at="2023-06-09T13:14:28 IST" name="testcloser" finished-at="2023-06-09T13:14:31 IST" duration-ms="3157" status="PASS">
          <reporter-output>
          </reporter-output>
        </test-method> <!-- testcloser -->
        <test-method is-config="true" signature="opendriverapplication()[pri:0, instance:tests.signinTest@660acfb]" started-at="2023-06-09T13:14:31 IST" name="opendriverapplication" finished-at="2023-06-09T13:14:40 IST" duration-ms="8700" status="PASS">
          <reporter-output>
          </reporter-output>
        </test-method> <!-- opendriverapplication -->
        <test-method signature="signinwithinvalidemailandvalidpassword()[pri:4, instance:tests.signinTest@660acfb]" started-at="2023-06-09T13:14:40 IST" name="signinwithinvalidemailandvalidpassword" finished-at="2023-06-09T13:14:47 IST" duration-ms="6904" status="PASS">
          <reporter-output>
          </reporter-output>
        </test-method> <!-- signinwithinvalidemailandvalidpassword -->
        <test-method is-config="true" signature="testcloser()[pri:0, instance:tests.signinTest@660acfb]" started-at="2023-06-09T13:14:47 IST" name="testcloser" finished-at="2023-06-09T13:14:47 IST" duration-ms="600" status="PASS">
          <reporter-output>
          </reporter-output>
        </test-method> <!-- testcloser -->
        <test-method is-config="true" signature="opendriverapplication()[pri:0, instance:tests.signinTest@660acfb]" started-at="2023-06-09T13:14:47 IST" name="opendriverapplication" finished-at="2023-06-09T13:15:04 IST" duration-ms="16522" status="PASS">
          <reporter-output>
          </reporter-output>
        </test-method> <!-- opendriverapplication -->
        <test-method signature="signinwithoutprovidinganydetails()[pri:5, instance:tests.signinTest@660acfb]" started-at="2023-06-09T13:15:04 IST" name="signinwithoutprovidinganydetails" finished-at="2023-06-09T13:15:13 IST" duration-ms="9474" status="PASS">
          <reporter-output>
          </reporter-output>
        </test-method> <!-- signinwithoutprovidinganydetails -->
        <test-method is-config="true" signature="testcloser()[pri:0, instance:tests.signinTest@660acfb]" started-at="2023-06-09T13:15:13 IST" name="testcloser" finished-at="2023-06-09T13:15:15 IST" duration-ms="1484" status="PASS">
          <reporter-output>
          </reporter-output>
        </test-method> <!-- testcloser -->
      </class> <!-- tests.signinTest -->
    </test> <!-- signinTest -->
    <test started-at="2023-06-09T13:13:08 IST" name="createanaccountTest" finished-at="2023-06-09T13:15:23 IST" duration-ms="134910">
      <class name="tests.createanaccountTest">
        <test-method is-config="true" signature="opendriverapplication()[pri:0, instance:tests.createanaccountTest@3ad83a66]" started-at="2023-06-09T13:13:08 IST" name="opendriverapplication" finished-at="2023-06-09T13:13:23 IST" duration-ms="15049" status="PASS">
          <reporter-output>
          </reporter-output>
        </test-method> <!-- opendriverapplication -->
        <test-method signature="userhascreatedanaccountbymandatoryfields()[pri:1, instance:tests.createanaccountTest@3ad83a66]" started-at="2023-06-09T13:13:23 IST" name="userhascreatedanaccountbymandatoryfields" finished-at="2023-06-09T13:13:47 IST" duration-ms="23723" status="PASS">
          <reporter-output>
          </reporter-output>
        </test-method> <!-- userhascreatedanaccountbymandatoryfields -->
        <test-method is-config="true" signature="testcloser()[pri:0, instance:tests.createanaccountTest@3ad83a66]" started-at="2023-06-09T13:13:47 IST" name="testcloser" finished-at="2023-06-09T13:13:49 IST" duration-ms="2447" status="PASS">
          <reporter-output>
          </reporter-output>
        </test-method> <!-- testcloser -->
        <test-method is-config="true" signature="opendriverapplication()[pri:0, instance:tests.createanaccountTest@3ad83a66]" started-at="2023-06-09T13:13:49 IST" name="opendriverapplication" finished-at="2023-06-09T13:14:04 IST" duration-ms="14669" status="PASS">
          <reporter-output>
          </reporter-output>
        </test-method> <!-- opendriverapplication -->
        <test-method signature="userhascreatedanaccountbyallfields()[pri:2, instance:tests.createanaccountTest@3ad83a66]" started-at="2023-06-09T13:14:04 IST" name="userhascreatedanaccountbyallfields" finished-at="2023-06-09T13:14:19 IST" duration-ms="14837" status="FAIL">
          <exception class="org.openqa.selenium.StaleElementReferenceException">
            <message>
              <![CDATA[stale element reference: stale element not found
  (Session info: MicrosoftEdge=114.0.1823.41)
For documentation on this error, please visit: https://selenium.dev/exceptions/#stale_element_reference
Build info: version: '4.9.0', revision: 'd7057100a6'
System info: os.name: 'Windows 10', os.arch: 'amd64', os.version: '10.0', java.version: '17.0.5'
Driver info: org.openqa.selenium.edge.EdgeDriver
Command: [49319c330f6341a568576fb1cc8ed6d9, isElementDisplayed {id=4AF5C87EF331008317E59233D3572C15_element_46}]
Capabilities {acceptInsecureCerts: false, browserName: msedge, browserVersion: 114.0.1823.41, ms:edgeOptions: {debuggerAddress: localhost:56244}, msedge: {msedgedriverVersion: 114.0.1823.43 (ef5b3acd8c1d..., userDataDir: C:\Users\user\AppData\Local...}, networkConnectionEnabled: false, pageLoadStrategy: normal, platformName: WINDOWS, proxy: Proxy(), se:cdp: ws://localhost:56244/devtoo..., se:cdpVersion: 114.0.1823.41, setWindowRect: true, strictFileInteractability: false, timeouts: {implicit: 0, pageLoad: 300000, script: 30000}, unhandledPromptBehavior: dismiss and notify, webauthn:extension:credBlob: true, webauthn:extension:largeBlob: true, webauthn:extension:minPinLength: true, webauthn:extension:prf: true, webauthn:virtualAuthenticators: true}
Element: [[EdgeDriver: msedge on WINDOWS (49319c330f6341a568576fb1cc8ed6d9)] -> xpath: //body/div/main/descendant::div[6]]
Session ID: 49319c330f6341a568576fb1cc8ed6d9]]>
            </message>
            <full-stacktrace>
              <![CDATA[org.openqa.selenium.StaleElementReferenceException: stale element reference: stale element not found
  (Session info: MicrosoftEdge=114.0.1823.41)
For documentation on this error, please visit: https://selenium.dev/exceptions/#stale_element_reference
Build info: version: '4.9.0', revision: 'd7057100a6'
System info: os.name: 'Windows 10', os.arch: 'amd64', os.version: '10.0', java.version: '17.0.5'
Driver info: org.openqa.selenium.edge.EdgeDriver
Command: [49319c330f6341a568576fb1cc8ed6d9, isElementDisplayed {id=4AF5C87EF331008317E59233D3572C15_element_46}]
Capabilities {acceptInsecureCerts: false, browserName: msedge, browserVersion: 114.0.1823.41, ms:edgeOptions: {debuggerAddress: localhost:56244}, msedge: {msedgedriverVersion: 114.0.1823.43 (ef5b3acd8c1d..., userDataDir: C:\Users\user\AppData\Local...}, networkConnectionEnabled: false, pageLoadStrategy: normal, platformName: WINDOWS, proxy: Proxy(), se:cdp: ws://localhost:56244/devtoo..., se:cdpVersion: 114.0.1823.41, setWindowRect: true, strictFileInteractability: false, timeouts: {implicit: 0, pageLoad: 300000, script: 30000}, unhandledPromptBehavior: dismiss and notify, webauthn:extension:credBlob: true, webauthn:extension:largeBlob: true, webauthn:extension:minPinLength: true, webauthn:extension:prf: true, webauthn:virtualAuthenticators: true}
Element: [[EdgeDriver: msedge on WINDOWS (49319c330f6341a568576fb1cc8ed6d9)] -> xpath: //body/div/main/descendant::div[6]]
Session ID: 49319c330f6341a568576fb1cc8ed6d9
at java.base/jdk.internal.reflect.NativeConstructorAccessorImpl.newInstance0(Native Method)
at java.base/jdk.internal.reflect.NativeConstructorAccessorImpl.newInstance(NativeConstructorAccessorImpl.java:77)
at java.base/jdk.internal.reflect.DelegatingConstructorAccessorImpl.newInstance(DelegatingConstructorAccessorImpl.java:45)
at java.base/java.lang.reflect.Constructor.newInstanceWithCaller(Constructor.java:499)
at java.base/java.lang.reflect.Constructor.newInstance(Constructor.java:480)
at org.openqa.selenium.remote.codec.w3c.W3CHttpResponseCodec.createException(W3CHttpResponseCodec.java:200)
at org.openqa.selenium.remote.codec.w3c.W3CHttpResponseCodec.decode(W3CHttpResponseCodec.java:133)
at org.openqa.selenium.remote.codec.w3c.W3CHttpResponseCodec.decode(W3CHttpResponseCodec.java:53)
at org.openqa.selenium.remote.HttpCommandExecutor.execute(HttpCommandExecutor.java:193)
at org.openqa.selenium.remote.service.DriverCommandExecutor.invokeExecute(DriverCommandExecutor.java:183)
at org.openqa.selenium.remote.service.DriverCommandExecutor.execute(DriverCommandExecutor.java:158)
at org.openqa.selenium.remote.RemoteWebDriver.execute(RemoteWebDriver.java:543)
at org.openqa.selenium.remote.RemoteWebElement.execute(RemoteWebElement.java:257)
at org.openqa.selenium.remote.RemoteWebElement.isDisplayed(RemoteWebElement.java:313)
at java.base/jdk.internal.reflect.NativeMethodAccessorImpl.invoke0(Native Method)
at java.base/jdk.internal.reflect.NativeMethodAccessorImpl.invoke(NativeMethodAccessorImpl.java:77)
at java.base/jdk.internal.reflect.DelegatingMethodAccessorImpl.invoke(DelegatingMethodAccessorImpl.java:43)
at java.base/java.lang.reflect.Method.invoke(Method.java:568)
at org.openqa.selenium.support.pagefactory.internal.LocatingElementHandler.invoke(LocatingElementHandler.java:52)
at jdk.proxy2/jdk.proxy2.$Proxy17.isDisplayed(Unknown Source)
at tests.createanaccountTest.userhascreatedanaccountbyallfields(createanaccountTest.java:79)
at java.base/jdk.internal.reflect.NativeMethodAccessorImpl.invoke0(Native Method)
at java.base/jdk.internal.reflect.NativeMethodAccessorImpl.invoke(NativeMethodAccessorImpl.java:77)
at java.base/jdk.internal.reflect.DelegatingMethodAccessorImpl.invoke(DelegatingMethodAccessorImpl.java:43)
at java.base/java.lang.reflect.Method.invoke(Method.java:568)
at org.testng.internal.invokers.MethodInvocationHelper.invokeMethod(MethodInvocationHelper.java:139)
at org.testng.internal.invokers.TestInvoker.invokeMethod(TestInvoker.java:677)
at org.testng.internal.invokers.TestInvoker.invokeTestMethod(TestInvoker.java:221)
at org.testng.internal.invokers.MethodRunner.runInSequence(MethodRunner.java:50)
at org.testng.internal.invokers.TestInvoker$MethodInvocationAgent.invoke(TestInvoker.java:969)
at org.testng.internal.invokers.TestInvoker.invokeTestMethods(TestInvoker.java:194)
at org.testng.internal.invokers.TestMethodWorker.invokeTestMethods(TestMethodWorker.java:148)
at org.testng.internal.invokers.TestMethodWorker.run(TestMethodWorker.java:128)
at java.base/java.util.ArrayList.forEach(ArrayList.java:1511)
at org.testng.TestRunner.privateRun(TestRunner.java:829)
at org.testng.TestRunner.run(TestRunner.java:602)
at org.testng.SuiteRunner.runTest(SuiteRunner.java:437)
at org.testng.SuiteRunner$SuiteWorker.run(SuiteRunner.java:475)
at org.testng.internal.thread.ThreadUtil.lambda$execute$0(ThreadUtil.java:58)
at java.base/java.util.concurrent.FutureTask.run(FutureTask.java:264)
at java.base/java.util.concurrent.ThreadPoolExecutor.runWorker(ThreadPoolExecutor.java:1136)
at java.base/java.util.concurrent.ThreadPoolExecutor$Worker.run(ThreadPoolExecutor.java:635)
at java.base/java.lang.Thread.run(Thread.java:833)
]]>
            </full-stacktrace>
          </exception> <!-- org.openqa.selenium.StaleElementReferenceException -->
          <reporter-output>
          </reporter-output>
        </test-method> <!-- userhascreatedanaccountbyallfields -->
        <test-method is-config="true" signature="testcloser()[pri:0, instance:tests.createanaccountTest@3ad83a66]" started-at="2023-06-09T13:14:19 IST" name="testcloser" finished-at="2023-06-09T13:14:25 IST" duration-ms="6358" status="PASS">
          <reporter-output>
          </reporter-output>
        </test-method> <!-- testcloser -->
        <test-method is-config="true" signature="opendriverapplication()[pri:0, instance:tests.createanaccountTest@3ad83a66]" started-at="2023-06-09T13:14:25 IST" name="opendriverapplication" finished-at="2023-06-09T13:14:36 IST" duration-ms="10529" status="PASS">
          <reporter-output>
          </reporter-output>
        </test-method> <!-- opendriverapplication -->
        <test-method signature="userhascreatedanaccountbyduplecateaccount()[pri:3, instance:tests.createanaccountTest@3ad83a66]" started-at="2023-06-09T13:14:36 IST" name="userhascreatedanaccountbyduplecateaccount" finished-at="2023-06-09T13:14:45 IST" duration-ms="9508" status="PASS">
          <reporter-output>
          </reporter-output>
        </test-method> <!-- userhascreatedanaccountbyduplecateaccount -->
        <test-method is-config="true" signature="testcloser()[pri:0, instance:tests.createanaccountTest@3ad83a66]" started-at="2023-06-09T13:14:45 IST" name="testcloser" finished-at="2023-06-09T13:14:47 IST" duration-ms="1114" status="PASS">
          <reporter-output>
          </reporter-output>
        </test-method> <!-- testcloser -->
        <test-method is-config="true" signature="opendriverapplication()[pri:0, instance:tests.createanaccountTest@3ad83a66]" started-at="2023-06-09T13:14:47 IST" name="opendriverapplication" finished-at="2023-06-09T13:14:53 IST" duration-ms="6045" status="PASS">
          <reporter-output>
          </reporter-output>
        </test-method> <!-- opendriverapplication -->
        <test-method signature="userhascreatedanaccountbywitoutprovidinganydetails()[pri:4, instance:tests.createanaccountTest@3ad83a66]" started-at="2023-06-09T13:14:53 IST" name="userhascreatedanaccountbywitoutprovidinganydetails" finished-at="2023-06-09T13:14:59 IST" duration-ms="6843" status="PASS">
          <reporter-output>
          </reporter-output>
        </test-method> <!-- userhascreatedanaccountbywitoutprovidinganydetails -->
        <test-method is-config="true" signature="testcloser()[pri:0, instance:tests.createanaccountTest@3ad83a66]" started-at="2023-06-09T13:14:59 IST" name="testcloser" finished-at="2023-06-09T13:15:00 IST" duration-ms="859" status="PASS">
          <reporter-output>
          </reporter-output>
        </test-method> <!-- testcloser -->
        <test-method is-config="true" signature="opendriverapplication()[pri:0, instance:tests.createanaccountTest@3ad83a66]" started-at="2023-06-09T13:15:00 IST" name="opendriverapplication" finished-at="2023-06-09T13:15:14 IST" duration-ms="14068" status="PASS">
          <reporter-output>
          </reporter-output>
        </test-method> <!-- opendriverapplication -->
        <test-method signature="userhascreateanaccountfromcustomerloginpage()[pri:5, instance:tests.createanaccountTest@3ad83a66]" started-at="2023-06-09T13:15:14 IST" name="userhascreateanaccountfromcustomerloginpage" finished-at="2023-06-09T13:15:22 IST" duration-ms="7866" status="PASS">
          <reporter-output>
          </reporter-output>
        </test-method> <!-- userhascreateanaccountfromcustomerloginpage -->
        <test-method is-config="true" signature="testcloser()[pri:0, instance:tests.createanaccountTest@3ad83a66]" started-at="2023-06-09T13:15:22 IST" name="testcloser" finished-at="2023-06-09T13:15:23 IST" duration-ms="494" status="PASS">
          <reporter-output>
          </reporter-output>
        </test-method> <!-- testcloser -->
      </class> <!-- tests.createanaccountTest -->
    </test> <!-- createanaccountTest -->
  </suite> <!-- Suite -->
</testng-results>
